
****** Vitis HLS - High-Level Synthesis from C, C++ and OpenCL v2021.1 (64-bit)
  **** SW Build 3247384 on Thu Jun 10 19:36:07 MDT 2021
  **** IP Build 3246043 on Fri Jun 11 00:30:35 MDT 2021
    ** Copyright 1986-2021 Xilinx, Inc. All Rights Reserved.

source /opt/Xilinx/Vitis_HLS/2021.1/scripts/vitis_hls/hls.tcl -notrace
INFO: Applying HLS Y2K22 patch v1.2 for IP revision
INFO: [HLS 200-10] Running '/opt/Xilinx/Vitis_HLS/2021.1/bin/unwrapped/lnx64.o/vitis_hls'
INFO: [HLS 200-10] For user 'centos' on host 'ip-172-31-86-173.ec2.internal' (Linux_x86_64 version 3.10.0-1160.31.1.el7.x86_64) on Thu Jan 27 17:41:53 UTC 2022
INFO: [HLS 200-10] On os "CentOS Linux release 7.9.2009 (Core)"
INFO: [HLS 200-10] In directory '/home/centos/workspace/median_kernels/Emulation-SW/build/sobel_accel/sobel_accel'
Sourcing Tcl script 'sobel_accel.tcl'
INFO: [HLS 200-1510] Running: open_project sobel_accel 
INFO: [HLS 200-10] Creating and opening project '/home/centos/workspace/median_kernels/Emulation-SW/build/sobel_accel/sobel_accel/sobel_accel'.
INFO: [HLS 200-1510] Running: set_top sobel_accel 
INFO: [HLS 200-1510] Running: add_files /home/centos/workspace/median_kernels/src/xf_sobel_accel.cpp -cflags  -g -I /home/centos/workspace/median_kernels/src -I /home/centos/workspace/median_kernels/libs/xf_opencv/L1/include -I /home/centos/workspace/median_kernels/src/build  
INFO: [HLS 200-10] Adding design file '/home/centos/workspace/median_kernels/src/xf_sobel_accel.cpp' to the project
INFO: [HLS 200-1510] Running: open_solution -flow_target vitis solution 
INFO: [HLS 200-10] Creating and opening solution '/home/centos/workspace/median_kernels/Emulation-SW/build/sobel_accel/sobel_accel/sobel_accel/solution'.
INFO: [HLS 200-1505] Using flow_target 'vitis'
Resolution: For help on HLS 200-1505 see www.xilinx.com/cgi-bin/docs/rdoc?v=2021.1;t=hls+guidance;d=200-1505.html
INFO: [HLS 200-435] Setting 'open_solution -flow_target vitis' configuration: config_interface -m_axi_latency=64
INFO: [HLS 200-435] Setting 'open_solution -flow_target vitis' configuration: config_interface -m_axi_alignment_byte_size=64
INFO: [HLS 200-435] Setting 'open_solution -flow_target vitis' configuration: config_interface -m_axi_max_widen_bitwidth=512
INFO: [HLS 200-435] Setting 'open_solution -flow_target vitis' configuration: config_rtl -register_reset_num=3
INFO: [HLS 200-1510] Running: set_part xcvu9p-flgb2104-2-i 
INFO: [HLS 200-1611] Setting target device to 'xcvu9p-flgb2104-2-i'
INFO: [HLS 200-1510] Running: create_clock -period 250.000000MHz -name default 
INFO: [SYN 201-201] Setting up clock 'default' with a period of 4ns.
INFO: [HLS 200-1510] Running: config_rtl -kernel_profile 
INFO: [HLS 200-1510] Running: config_dataflow -strict_mode warning 
INFO: [HLS 200-1510] Running: config_debug -enable 
INFO: [HLS 200-1510] Running: config_export -disable_deadlock_detection=true 
INFO: [HLS 200-1510] Running: config_rtl -m_axi_conservative_mode=1 
WARNING: [HLS 200-483] The 'config_rtl -m_axi_conservative_mode' command is deprecated and will be removed in a future release. Use 'config_interface -m_axi_conservative_mode' as its replacement.
INFO: [HLS 200-1510] Running: config_interface -m_axi_addr64 
INFO: [HLS 200-1510] Running: config_interface -m_axi_auto_max_ports=0 
INFO: [HLS 200-1510] Running: config_export -format ip_catalog -ipname sobel_accel 
INFO: [HLS 200-1510] Running: csynth_design -synthesis_check 
INFO: [HLS 200-111] Finished File checks and directory preparation: CPU user time: 0.01 seconds. CPU system time: 0 seconds. Elapsed time: 0.01 seconds; current allocated memory: 108.754 MB.
INFO: [HLS 200-10] Analyzing design file '/home/centos/workspace/median_kernels/src/xf_sobel_accel.cpp' ... 
WARNING: [HLS 207-5514] 'Resource pragma' is deprecated, and it will be removed in future release. It is suggested to replace it with 'bind_op/bind_storage pragma'.: /home/centos/workspace/median_kernels/libs/xf_opencv/L1/include/imgproc/xf_sobel.hpp:337:9
WARNING: [HLS 207-5514] 'Resource pragma' is deprecated, and it will be removed in future release. It is suggested to replace it with 'bind_op/bind_storage pragma'.: /home/centos/workspace/median_kernels/libs/xf_opencv/L1/include/imgproc/xf_sobel.hpp:341:9
WARNING: [HLS 207-5514] 'Resource pragma' is deprecated, and it will be removed in future release. It is suggested to replace it with 'bind_op/bind_storage pragma'.: /home/centos/workspace/median_kernels/libs/xf_opencv/L1/include/imgproc/xf_sobel.hpp:847:9
WARNING: [HLS 207-5514] 'Resource pragma' is deprecated, and it will be removed in future release. It is suggested to replace it with 'bind_op/bind_storage pragma'.: /home/centos/workspace/median_kernels/libs/xf_opencv/L1/include/imgproc/xf_sobel.hpp:852:9
WARNING: [HLS 207-5514] 'Resource pragma' is deprecated, and it will be removed in future release. It is suggested to replace it with 'bind_op/bind_storage pragma'.: /home/centos/workspace/median_kernels/libs/xf_opencv/L1/include/imgproc/xf_sobel.hpp:1696:9
WARNING: [HLS 207-5514] 'Resource pragma' is deprecated, and it will be removed in future release. It is suggested to replace it with 'bind_op/bind_storage pragma'.: /home/centos/workspace/median_kernels/libs/xf_opencv/L1/include/imgproc/xf_sobel.hpp:1701:9
WARNING: [HLS 207-5528] Ignore interface attribute or pragma which is not used in top function: /home/centos/workspace/median_kernels/src/xf_sobel_accel.cpp:35:9
WARNING: [HLS 207-5301] unused parameter 'print': /opt/Xilinx/Vitis_HLS/2021.1/common/technology/autopilot/ap_int_base.h:792:16
WARNING: [HLS 207-5301] unused parameter 'src': /home/centos/workspace/median_kernels/libs/xf_opencv/L1/include/common/xf_structs.hpp:506:30
WARNING: [HLS 207-5301] unused parameter '_data': /home/centos/workspace/median_kernels/libs/xf_opencv/L1/include/common/xf_structs.hpp:517:30
WARNING: [HLS 207-5301] unused parameter 'index': /home/centos/workspace/median_kernels/libs/xf_opencv/L1/include/common/xf_structs.hpp:530:14
WARNING: [HLS 207-5301] unused parameter 'index': /home/centos/workspace/median_kernels/libs/xf_opencv/L1/include/common/xf_structs.hpp:541:20
WARNING: [HLS 207-5301] unused parameter 'dst': /home/centos/workspace/median_kernels/libs/xf_opencv/L1/include/common/xf_structs.hpp:773:101
WARNING: [HLS 207-5301] unused parameter 'index': /home/centos/workspace/median_kernels/libs/xf_opencv/L1/include/common/xf_structs.hpp:1165:102
WARNING: [HLS 207-5301] unused parameter 'index': /home/centos/workspace/median_kernels/libs/xf_opencv/L1/include/common/xf_structs.hpp:1471:34
WARNING: [HLS 207-5301] unused parameter 't1': /home/centos/workspace/median_kernels/libs/xf_opencv/L1/include/imgproc/xf_sobel.hpp:45:52
WARNING: [HLS 207-5301] unused parameter 'm1': /home/centos/workspace/median_kernels/libs/xf_opencv/L1/include/imgproc/xf_sobel.hpp:48:52
WARNING: [HLS 207-5301] unused parameter 'b1': /home/centos/workspace/median_kernels/libs/xf_opencv/L1/include/imgproc/xf_sobel.hpp:51:52
WARNING: [HLS 207-5301] unused parameter 'm0': /home/centos/workspace/median_kernels/libs/xf_opencv/L1/include/imgproc/xf_sobel.hpp:95:52
WARNING: [HLS 207-5301] unused parameter 'm1': /home/centos/workspace/median_kernels/libs/xf_opencv/L1/include/imgproc/xf_sobel.hpp:96:52
WARNING: [HLS 207-5301] unused parameter 'm2': /home/centos/workspace/median_kernels/libs/xf_opencv/L1/include/imgproc/xf_sobel.hpp:97:52
WARNING: [HLS 207-5541] unknown HLS pragma ignored: /home/centos/workspace/median_kernels/libs/xf_opencv/L1/include/imgproc/xf_sobel.hpp:336:9
WARNING: [HLS 207-5514] 'Resource pragma' is deprecated, and it will be removed in future release. It is suggested to replace it with 'bind_op/bind_storage pragma'.: /home/centos/workspace/median_kernels/libs/xf_opencv/L1/include/imgproc/xf_sobel.hpp:337:9
WARNING: [HLS 207-5514] 'Resource pragma' is deprecated, and it will be removed in future release. It is suggested to replace it with 'bind_op/bind_storage pragma'.: /home/centos/workspace/median_kernels/libs/xf_opencv/L1/include/imgproc/xf_sobel.hpp:341:9
WARNING: [HLS 207-5301] unused parameter 'src_buf3': /home/centos/workspace/median_kernels/libs/xf_opencv/L1/include/imgproc/xf_sobel.hpp:566:54
WARNING: [HLS 207-5514] 'Resource pragma' is deprecated, and it will be removed in future release. It is suggested to replace it with 'bind_op/bind_storage pragma'.: /home/centos/workspace/median_kernels/libs/xf_opencv/L1/include/imgproc/xf_sobel.hpp:847:9
WARNING: [HLS 207-5541] unknown HLS pragma ignored: /home/centos/workspace/median_kernels/libs/xf_opencv/L1/include/imgproc/xf_sobel.hpp:848:9
WARNING: [HLS 207-5514] 'Resource pragma' is deprecated, and it will be removed in future release. It is suggested to replace it with 'bind_op/bind_storage pragma'.: /home/centos/workspace/median_kernels/libs/xf_opencv/L1/include/imgproc/xf_sobel.hpp:852:9
WARNING: [HLS 207-5301] unused parameter 'src_buf4': /home/centos/workspace/median_kernels/libs/xf_opencv/L1/include/imgproc/xf_sobel.hpp:1253:54
WARNING: [HLS 207-5301] unused parameter '_src_mat': /home/centos/workspace/median_kernels/libs/xf_opencv/L1/include/imgproc/xf_sobel.hpp:1544:58
WARNING: [HLS 207-5301] unused parameter 'read_index': /home/centos/workspace/median_kernels/libs/xf_opencv/L1/include/imgproc/xf_sobel.hpp:1560:26
WARNING: [HLS 207-5514] 'Resource pragma' is deprecated, and it will be removed in future release. It is suggested to replace it with 'bind_op/bind_storage pragma'.: /home/centos/workspace/median_kernels/libs/xf_opencv/L1/include/imgproc/xf_sobel.hpp:1696:9
WARNING: [HLS 207-5541] unknown HLS pragma ignored: /home/centos/workspace/median_kernels/libs/xf_opencv/L1/include/imgproc/xf_sobel.hpp:1697:9
WARNING: [HLS 207-5514] 'Resource pragma' is deprecated, and it will be removed in future release. It is suggested to replace it with 'bind_op/bind_storage pragma'.: /home/centos/workspace/median_kernels/libs/xf_opencv/L1/include/imgproc/xf_sobel.hpp:1701:9
INFO: [HLS 200-111] Finished Source Code Analysis and Preprocessing: CPU user time: 9.53 seconds. CPU system time: 0.6 seconds. Elapsed time: 8.4 seconds; current allocated memory: 110.307 MB.
INFO: [HLS 200-777] Using interface defaults for 'Vitis' flow target.
INFO: [HLS 214-279] Initial Interval estimation mode is set into default.
INFO: [HLS 214-284] Auto array partition mode is set into default.
WARNING: [HLS 214-273] In function 'xf::cv::Mat<9, 2160, 3840, 1, 2>::Mat(int, int)', Pragma conflict happens on 'INLINE' and DATAFLOW pragmas: Inline into dataflow region is not suggested (/home/centos/workspace/median_kernels/libs/xf_opencv/L1/include/common/xf_structs.hpp:658:0)
WARNING: [HLS 214-273] In function 'xf::cv::Mat<9, 2160, 3840, 1, 2>::Mat(int, int)', Pragma conflict happens on 'INLINE' and DATAFLOW pragmas: Inline into dataflow region is not suggested (/home/centos/workspace/median_kernels/libs/xf_opencv/L1/include/common/xf_structs.hpp:658:0)
WARNING: [HLS 214-273] In function 'xf::cv::Mat<9, 2160, 3840, 1, 2>::Mat(int, int)', Pragma conflict happens on 'INLINE' and DATAFLOW pragmas: Inline into dataflow region is not suggested (/home/centos/workspace/median_kernels/libs/xf_opencv/L1/include/common/xf_structs.hpp:658:0)
INFO: [HLS 214-131] Inlining function 'hls::stream<ap_uint<24>, 0>::stream()' into 'hls::stream<ap_uint<24>, 2>::stream()' (/opt/Xilinx/Vitis_HLS/2021.1/common/technology/autopilot/hls_stream_39.h:198:43)
INFO: [HLS 214-131] Inlining function 'hls::stream<ap_uint<24>, 2>::stream()' into 'xf::cv::Mat<9, 2160, 3840, 1, 2>::Mat(int, int)' (/home/centos/workspace/median_kernels/libs/xf_opencv/L1/include/common/xf_structs.hpp:457:5)
INFO: [HLS 214-131] Inlining function 'xf::cv::Mat<9, 2160, 3840, 1, 2>::init(int, int, bool)' into 'xf::cv::Mat<9, 2160, 3840, 1, 2>::Mat(int, int)' (/home/centos/workspace/median_kernels/libs/xf_opencv/L1/include/common/xf_structs.hpp:663:2)
INFO: [HLS 214-131] Inlining function 'hls::stream<ap_uint<256>, 0>::write(ap_uint<256> const&)' into 'xf::cv::MMIterIn<256, 9, 2160, 3840, 1, 2>::Axi2AxiStream(ap_uint<256>*, hls::stream<ap_uint<256>, 0>&, ap_uint<21>&)' (/home/centos/workspace/median_kernels/libs/xf_opencv/L1/include/common/xf_structs.hpp:957:7)
INFO: [HLS 214-131] Inlining function 'hls::stream<ap_uint<256>, 0>::read(ap_uint<256>&)' into 'hls::stream<ap_uint<256>, 0>::read()' (/opt/Xilinx/Vitis_HLS/2021.1/common/technology/autopilot/hls_stream_39.h:156:9)
INFO: [HLS 214-131] Inlining function 'hls::stream<ap_uint<24>, 0>::write(ap_uint<24> const&)' into 'void xf::cv::MMIterIn<256, 9, 2160, 3840, 1, 2>::AxiStream2MatStream<2>(hls::stream<ap_uint<256>, 0>&, hls::stream<ap_uint<24>, 2>&, int, int, int, int)' (/home/centos/workspace/median_kernels/libs/xf_opencv/L1/include/common/xf_structs.hpp:1032:46)
INFO: [HLS 214-131] Inlining function 'hls::stream<ap_uint<256>, 0>::read()' into 'void xf::cv::MMIterIn<256, 9, 2160, 3840, 1, 2>::AxiStream2MatStream<2>(hls::stream<ap_uint<256>, 0>&, hls::stream<ap_uint<24>, 2>&, int, int, int, int)' (/home/centos/workspace/median_kernels/libs/xf_opencv/L1/include/common/xf_structs.hpp:1016:27)
INFO: [HLS 214-131] Inlining function 'hls::stream<ap_uint<256>, 0>::stream()' into 'xf::cv::MMIterIn<256, 9, 2160, 3840, 1, 2>::Axi2Mat(ap_uint<256>*, hls::stream<ap_uint<24>, 2>&, int, int, int)' (/home/centos/workspace/median_kernels/libs/xf_opencv/L1/include/common/xf_structs.hpp:1090:35)
INFO: [HLS 214-131] Inlining function 'hls::stream<ap_uint<24>, 0>::read(ap_uint<24>&)' into 'hls::stream<ap_uint<24>, 0>::read()' (/opt/Xilinx/Vitis_HLS/2021.1/common/technology/autopilot/hls_stream_39.h:156:9)
INFO: [HLS 214-131] Inlining function 'hls::stream<ap_uint<24>, 0>::read()' into 'ap_uint<24> xf::cv::Mat<9, 2160, 3840, 1, 2>::read<2, (void*)0>(int)' (/home/centos/workspace/median_kernels/libs/xf_opencv/L1/include/common/xf_structs.hpp:531:21)
INFO: [HLS 214-131] Inlining function 'hls::stream<ap_uint<24>, 0>::write(ap_uint<24> const&)' into 'void xf::cv::Mat<9, 2160, 3840, 1, 2>::write<2, (void*)0>(int, ap_uint<24>)' (/home/centos/workspace/median_kernels/libs/xf_opencv/L1/include/common/xf_structs.hpp:542:14)
INFO: [HLS 214-131] Inlining function 'void xf::cv::xfPackPixels<1, 9, 15>(PixelType<15>::name*, StreamType<9>::name&, unsigned short, short, unsigned short&)' into 'void xf::cv::ProcessSobel3x3<9, 9, 2160, 3840, 3, 15, 15, 1, 9, 9, 3840>(xf::cv::Mat<9, 2160, 3840, 1, 2>&, xf::cv::Mat<9, 2160, 3840, 1, 2>&, xf::cv::Mat<9, 2160, 3840, 1, 2>&, StreamType<9>::name (*) [(3840) >> (xfNPixelsPerCycle<1>::datashift)], PixelType<15>::name*, PixelType<15>::name*, PixelType<15>::name*, PixelType<15>::name*, PixelType<15>::name*, StreamType<9>::name&, StreamType<9>::name&, unsigned short, unsigned short, ap_uint<13>, unsigned short&, unsigned short&, ap_uint<2>, ap_uint<2>, ap_uint<2>, ap_uint<13>, int&, int&)' (/home/centos/workspace/median_kernels/libs/xf_opencv/L1/include/imgproc/xf_sobel.hpp:269:13)
INFO: [HLS 214-131] Inlining function 'void xf::cv::xfPackPixels<1, 9, 15>(PixelType<15>::name*, StreamType<9>::name&, unsigned short, short, unsigned short&)' into 'void xf::cv::ProcessSobel3x3<9, 9, 2160, 3840, 3, 15, 15, 1, 9, 9, 3840>(xf::cv::Mat<9, 2160, 3840, 1, 2>&, xf::cv::Mat<9, 2160, 3840, 1, 2>&, xf::cv::Mat<9, 2160, 3840, 1, 2>&, StreamType<9>::name (*) [(3840) >> (xfNPixelsPerCycle<1>::datashift)], PixelType<15>::name*, PixelType<15>::name*, PixelType<15>::name*, PixelType<15>::name*, PixelType<15>::name*, StreamType<9>::name&, StreamType<9>::name&, unsigned short, unsigned short, ap_uint<13>, unsigned short&, unsigned short&, ap_uint<2>, ap_uint<2>, ap_uint<2>, ap_uint<13>, int&, int&)' (/home/centos/workspace/median_kernels/libs/xf_opencv/L1/include/imgproc/xf_sobel.hpp:268:13)
INFO: [HLS 214-131] Inlining function 'void xf::cv::xfPackPixels<1, 9, 15>(PixelType<15>::name*, StreamType<9>::name&, unsigned short, short, unsigned short&)' into 'void xf::cv::ProcessSobel3x3<9, 9, 2160, 3840, 3, 15, 15, 1, 9, 9, 3840>(xf::cv::Mat<9, 2160, 3840, 1, 2>&, xf::cv::Mat<9, 2160, 3840, 1, 2>&, xf::cv::Mat<9, 2160, 3840, 1, 2>&, StreamType<9>::name (*) [(3840) >> (xfNPixelsPerCycle<1>::datashift)], PixelType<15>::name*, PixelType<15>::name*, PixelType<15>::name*, PixelType<15>::name*, PixelType<15>::name*, StreamType<9>::name&, StreamType<9>::name&, unsigned short, unsigned short, ap_uint<13>, unsigned short&, unsigned short&, ap_uint<2>, ap_uint<2>, ap_uint<2>, ap_uint<13>, int&, int&)' (/home/centos/workspace/median_kernels/libs/xf_opencv/L1/include/imgproc/xf_sobel.hpp:258:13)
INFO: [HLS 214-131] Inlining function 'void xf::cv::xfPackPixels<1, 9, 15>(PixelType<15>::name*, StreamType<9>::name&, unsigned short, short, unsigned short&)' into 'void xf::cv::ProcessSobel3x3<9, 9, 2160, 3840, 3, 15, 15, 1, 9, 9, 3840>(xf::cv::Mat<9, 2160, 3840, 1, 2>&, xf::cv::Mat<9, 2160, 3840, 1, 2>&, xf::cv::Mat<9, 2160, 3840, 1, 2>&, StreamType<9>::name (*) [(3840) >> (xfNPixelsPerCycle<1>::datashift)], PixelType<15>::name*, PixelType<15>::name*, PixelType<15>::name*, PixelType<15>::name*, PixelType<15>::name*, StreamType<9>::name&, StreamType<9>::name&, unsigned short, unsigned short, ap_uint<13>, unsigned short&, unsigned short&, ap_uint<2>, ap_uint<2>, ap_uint<2>, ap_uint<13>, int&, int&)' (/home/centos/workspace/median_kernels/libs/xf_opencv/L1/include/imgproc/xf_sobel.hpp:257:13)
INFO: [HLS 214-131] Inlining function 'void xf::cv::xfPackPixels<1, 9, 15>(PixelType<15>::name*, StreamType<9>::name&, unsigned short, short, unsigned short&)' into 'void xf::cv::ProcessSobel3x3<9, 9, 2160, 3840, 3, 15, 15, 1, 9, 9, 3840>(xf::cv::Mat<9, 2160, 3840, 1, 2>&, xf::cv::Mat<9, 2160, 3840, 1, 2>&, xf::cv::Mat<9, 2160, 3840, 1, 2>&, StreamType<9>::name (*) [(3840) >> (xfNPixelsPerCycle<1>::datashift)], PixelType<15>::name*, PixelType<15>::name*, PixelType<15>::name*, PixelType<15>::name*, PixelType<15>::name*, StreamType<9>::name&, StreamType<9>::name&, unsigned short, unsigned short, ap_uint<13>, unsigned short&, unsigned short&, ap_uint<2>, ap_uint<2>, ap_uint<2>, ap_uint<13>, int&, int&)' (/home/centos/workspace/median_kernels/libs/xf_opencv/L1/include/imgproc/xf_sobel.hpp:254:13)
INFO: [HLS 214-131] Inlining function 'void xf::cv::xfPackPixels<1, 9, 15>(PixelType<15>::name*, StreamType<9>::name&, unsigned short, short, unsigned short&)' into 'void xf::cv::ProcessSobel3x3<9, 9, 2160, 3840, 3, 15, 15, 1, 9, 9, 3840>(xf::cv::Mat<9, 2160, 3840, 1, 2>&, xf::cv::Mat<9, 2160, 3840, 1, 2>&, xf::cv::Mat<9, 2160, 3840, 1, 2>&, StreamType<9>::name (*) [(3840) >> (xfNPixelsPerCycle<1>::datashift)], PixelType<15>::name*, PixelType<15>::name*, PixelType<15>::name*, PixelType<15>::name*, PixelType<15>::name*, StreamType<9>::name&, StreamType<9>::name&, unsigned short, unsigned short, ap_uint<13>, unsigned short&, unsigned short&, ap_uint<2>, ap_uint<2>, ap_uint<2>, ap_uint<13>, int&, int&)' (/home/centos/workspace/median_kernels/libs/xf_opencv/L1/include/imgproc/xf_sobel.hpp:253:13)
INFO: [HLS 214-131] Inlining function 'void xf::cv::xfPackPixels<1, 9, 15>(PixelType<15>::name*, StreamType<9>::name&, unsigned short, short, unsigned short&)' into 'void xf::cv::xFSobelFilter3x3<9, 9, 2160, 3840, 3, 15, 15, 1, 9, 9, 3840, false>(xf::cv::Mat<9, 2160, 3840, 1, 2>&, xf::cv::Mat<9, 2160, 3840, 1, 2>&, xf::cv::Mat<9, 2160, 3840, 1, 2>&, unsigned short, unsigned short)' (/home/centos/workspace/median_kernels/libs/xf_opencv/L1/include/imgproc/xf_sobel.hpp:440:9)
INFO: [HLS 214-131] Inlining function 'void xf::cv::xfPackPixels<1, 9, 15>(PixelType<15>::name*, StreamType<9>::name&, unsigned short, short, unsigned short&)' into 'void xf::cv::xFSobelFilter3x3<9, 9, 2160, 3840, 3, 15, 15, 1, 9, 9, 3840, false>(xf::cv::Mat<9, 2160, 3840, 1, 2>&, xf::cv::Mat<9, 2160, 3840, 1, 2>&, xf::cv::Mat<9, 2160, 3840, 1, 2>&, unsigned short, unsigned short)' (/home/centos/workspace/median_kernels/libs/xf_opencv/L1/include/imgproc/xf_sobel.hpp:439:9)
INFO: [HLS 214-131] Inlining function 'void xf::cv::ProcessSobel3x3<9, 9, 2160, 3840, 3, 15, 15, 1, 9, 9, 3840>(xf::cv::Mat<9, 2160, 3840, 1, 2>&, xf::cv::Mat<9, 2160, 3840, 1, 2>&, xf::cv::Mat<9, 2160, 3840, 1, 2>&, StreamType<9>::name (*) [(3840) >> (xfNPixelsPerCycle<1>::datashift)], PixelType<15>::name*, PixelType<15>::name*, PixelType<15>::name*, PixelType<15>::name*, PixelType<15>::name*, StreamType<9>::name&, StreamType<9>::name&, unsigned short, unsigned short, ap_uint<13>, unsigned short&, unsigned short&, ap_uint<2>, ap_uint<2>, ap_uint<2>, ap_uint<13>, int&, int&)' into 'void xf::cv::xFSobelFilter3x3<9, 9, 2160, 3840, 3, 15, 15, 1, 9, 9, 3840, false>(xf::cv::Mat<9, 2160, 3840, 1, 2>&, xf::cv::Mat<9, 2160, 3840, 1, 2>&, xf::cv::Mat<9, 2160, 3840, 1, 2>&, unsigned short, unsigned short)' (/home/centos/workspace/median_kernels/libs/xf_opencv/L1/include/imgproc/xf_sobel.hpp:386:9)
INFO: [HLS 214-131] Inlining function 'hls::stream<ap_uint<256>, 0>::write(ap_uint<256> const&)' into 'void xf::cv::MMIterOut<256, 9, 2160, 3840, 1, 1, 2>::MatStream2AxiStream<2>(hls::stream<ap_uint<24>, 2>&, hls::stream<ap_uint<256>, 0>&, int, int, int, int)' (/home/centos/workspace/median_kernels/libs/xf_opencv/L1/include/common/xf_structs.hpp:1282:18)
INFO: [HLS 214-131] Inlining function 'hls::stream<ap_uint<256>, 0>::write(ap_uint<256> const&)' into 'void xf::cv::MMIterOut<256, 9, 2160, 3840, 1, 1, 2>::MatStream2AxiStream<2>(hls::stream<ap_uint<24>, 2>&, hls::stream<ap_uint<256>, 0>&, int, int, int, int)' (/home/centos/workspace/median_kernels/libs/xf_opencv/L1/include/common/xf_structs.hpp:1272:26)
INFO: [HLS 214-131] Inlining function 'hls::stream<ap_uint<24>, 0>::read()' into 'void xf::cv::MMIterOut<256, 9, 2160, 3840, 1, 1, 2>::MatStream2AxiStream<2>(hls::stream<ap_uint<24>, 2>&, hls::stream<ap_uint<256>, 0>&, int, int, int, int)' (/home/centos/workspace/median_kernels/libs/xf_opencv/L1/include/common/xf_structs.hpp:1257:31)
INFO: [HLS 214-131] Inlining function 'hls::stream<ap_uint<256>, 0>::read()' into 'xf::cv::MMIterOut<256, 9, 2160, 3840, 1, 1, 2>::AxiStream2Axi(hls::stream<ap_uint<256>, 0>&, ap_uint<256>*, ap_uint<21>&)' (/home/centos/workspace/median_kernels/libs/xf_opencv/L1/include/common/xf_structs.hpp:1325:16)
INFO: [HLS 214-131] Inlining function 'hls::stream<ap_uint<256>, 0>::stream()' into 'xf::cv::MMIterOut<256, 9, 2160, 3840, 1, 1, 2>::Mat2Axi(hls::stream<ap_uint<24>, 2>&, ap_uint<256>*, int, int, int)' (/home/centos/workspace/median_kernels/libs/xf_opencv/L1/include/common/xf_structs.hpp:1361:42)
INFO: [HLS 214-131] Inlining function 'xf::cv::Mat<9, 2160, 3840, 1, 2>::Mat(int, int)' into 'sobel_accel' (/home/centos/workspace/median_kernels/src/xf_sobel_accel.cpp:38:45)
INFO: [HLS 214-131] Inlining function 'xf::cv::Mat<9, 2160, 3840, 1, 2>::Mat(int, int)' into 'sobel_accel' (/home/centos/workspace/median_kernels/src/xf_sobel_accel.cpp:43:45)
INFO: [HLS 214-131] Inlining function 'xf::cv::Mat<9, 2160, 3840, 1, 2>::Mat(int, int)' into 'sobel_accel' (/home/centos/workspace/median_kernels/src/xf_sobel_accel.cpp:48:45)
INFO: [HLS 214-186] Unrolling loop 'Compute_Grad_Loop' (/home/centos/workspace/median_kernels/libs/xf_opencv/L1/include/imgproc/xf_sobel.hpp:153:5) in function 'xf::cv::xFSobel3x3<3, 1, 15, 15>' completely with a factor of 1 (/home/centos/workspace/median_kernels/libs/xf_opencv/L1/include/imgproc/xf_sobel.hpp:138:0)
INFO: [HLS 214-178] Inlining function 'xf::cv::MMIterIn<256, 9, 2160, 3840, 1, 2>::Array2xfMat(ap_uint<256>*, xf::cv::Mat<9, 2160, 3840, 1, 2>&, int)' into 'void xf::cv::Array2xfMat<256, 9, 2160, 3840, 1>(ap_uint<256>*, xf::cv::Mat<9, 2160, 3840, 1, 2>&, int)' (/home/centos/workspace/median_kernels/libs/xf_opencv/L1/include/common/xf_utility.hpp:524:0)
INFO: [HLS 214-178] Inlining function 'ap_uint<24> xf::cv::Mat<9, 2160, 3840, 1, 2>::read<2, (void*)0>(int)' into 'void xf::cv::xFSobelFilter3x3<9, 9, 2160, 3840, 3, 15, 15, 1, 9, 9, 3840, false>(xf::cv::Mat<9, 2160, 3840, 1, 2>&, xf::cv::Mat<9, 2160, 3840, 1, 2>&, xf::cv::Mat<9, 2160, 3840, 1, 2>&, unsigned short, unsigned short)' (/home/centos/workspace/median_kernels/libs/xf_opencv/L1/include/imgproc/xf_sobel.hpp:304:0)
INFO: [HLS 214-178] Inlining function 'void xf::cv::Mat<9, 2160, 3840, 1, 2>::write<2, (void*)0>(int, ap_uint<24>)' into 'void xf::cv::xFSobelFilter3x3<9, 9, 2160, 3840, 3, 15, 15, 1, 9, 9, 3840, false>(xf::cv::Mat<9, 2160, 3840, 1, 2>&, xf::cv::Mat<9, 2160, 3840, 1, 2>&, xf::cv::Mat<9, 2160, 3840, 1, 2>&, unsigned short, unsigned short)' (/home/centos/workspace/median_kernels/libs/xf_opencv/L1/include/imgproc/xf_sobel.hpp:304:0)
INFO: [HLS 214-178] Inlining function 'xf::cv::MMIterOut<256, 9, 2160, 3840, 1, 1, 2>::xfMat2Array(xf::cv::Mat<9, 2160, 3840, 1, 2>&, ap_uint<256>*, int)' into 'void xf::cv::xfMat2Array<256, 9, 2160, 3840, 1, 1>(xf::cv::Mat<9, 2160, 3840, 1, 2>&, ap_uint<256>*, int)' (/home/centos/workspace/median_kernels/libs/xf_opencv/L1/include/common/xf_utility.hpp:514:0)
INFO: [HLS 200-111] Finished Compiling Optimization and Transform: CPU user time: 5.79 seconds. CPU system time: 0.41 seconds. Elapsed time: 6.23 seconds; current allocated memory: 111.475 MB.
INFO: [HLS 200-111] Finished Checking Pragmas: CPU user time: 0 seconds. CPU system time: 0 seconds. Elapsed time: 0 seconds; current allocated memory: 111.476 MB.
INFO: [HLS 200-1493] Running only source code synthesis checks, skipping scheduling and RTL generation.
INFO: [HLS 200-111] Finished Command csynth_design CPU user time: 15.34 seconds. CPU system time: 1.01 seconds. Elapsed time: 14.66 seconds; current allocated memory: 111.448 MB.
HLS completed successfully
INFO: [HLS 200-112] Total CPU user time: 16.5 seconds. Total CPU system time: 1.36 seconds. Total elapsed time: 15.81 seconds; peak allocated memory: 111.476 MB.
INFO: [Common 17-206] Exiting vitis_hls at Thu Jan 27 17:42:08 2022...
