
*** Running vitis_hls
    with args -f medianblur_accel.tcl -messageDb vitis_hls.pb


****** Vitis HLS - High-Level Synthesis from C, C++ and OpenCL v2021.1 (64-bit)
  **** SW Build 3247384 on Thu Jun 10 19:36:07 MDT 2021
  **** IP Build 3246043 on Fri Jun 11 00:30:35 MDT 2021
    ** Copyright 1986-2021 Xilinx, Inc. All Rights Reserved.

source /opt/Xilinx/Vitis_HLS/2021.1/scripts/vitis_hls/hls.tcl -notrace
INFO: Applying HLS Y2K22 patch v1.2 for IP revision
INFO: [HLS 200-10] Running '/opt/Xilinx/Vitis_HLS/2021.1/bin/unwrapped/lnx64.o/vitis_hls'
INFO: [HLS 200-10] For user 'centos' on host 'ip-172-31-86-173.ec2.internal' (Linux_x86_64 version 3.10.0-1160.31.1.el7.x86_64) on Thu Jan 27 17:19:13 UTC 2022
INFO: [HLS 200-10] On os "CentOS Linux release 7.9.2009 (Core)"
INFO: [HLS 200-10] In directory '/home/centos/workspace/median_kernels/Emulation-SW/build/medianblur_accel/medianblur_accel'
Sourcing Tcl script 'medianblur_accel.tcl'
INFO: [HLS 200-1510] Running: open_project medianblur_accel 
INFO: [HLS 200-10] Creating and opening project '/home/centos/workspace/median_kernels/Emulation-SW/build/medianblur_accel/medianblur_accel/medianblur_accel'.
INFO: [HLS 200-1510] Running: set_top medianblur_accel 
INFO: [HLS 200-1510] Running: add_files /home/centos/workspace/median_kernels/src/xf_median_blur_accel.cpp -cflags  -g -I /home/centos/workspace/median_kernels/src -I /home/centos/workspace/median_kernels/libs/xf_opencv/L1/include -I /home/centos/workspace/median_kernels/src/build  
INFO: [HLS 200-10] Adding design file '/home/centos/workspace/median_kernels/src/xf_median_blur_accel.cpp' to the project
INFO: [HLS 200-1510] Running: open_solution -flow_target vitis solution 
INFO: [HLS 200-10] Creating and opening solution '/home/centos/workspace/median_kernels/Emulation-SW/build/medianblur_accel/medianblur_accel/medianblur_accel/solution'.
INFO: [HLS 200-1505] Using flow_target 'vitis'
Resolution: For help on HLS 200-1505 see www.xilinx.com/cgi-bin/docs/rdoc?v=2021.1;t=hls+guidance;d=200-1505.html
INFO: [HLS 200-435] Setting 'open_solution -flow_target vitis' configuration: config_interface -m_axi_latency=64
INFO: [HLS 200-435] Setting 'open_solution -flow_target vitis' configuration: config_interface -m_axi_alignment_byte_size=64
INFO: [HLS 200-435] Setting 'open_solution -flow_target vitis' configuration: config_interface -m_axi_max_widen_bitwidth=512
INFO: [HLS 200-435] Setting 'open_solution -flow_target vitis' configuration: config_rtl -register_reset_num=3
INFO: [HLS 200-1510] Running: set_part xcvu9p-flgb2104-2-i 
INFO: [HLS 200-1611] Setting target device to 'xcvu9p-flgb2104-2-i'
INFO: [HLS 200-1510] Running: create_clock -period 250.000000MHz -name default 
INFO: [SYN 201-201] Setting up clock 'default' with a period of 4ns.
INFO: [HLS 200-1510] Running: config_rtl -kernel_profile 
INFO: [HLS 200-1510] Running: config_dataflow -strict_mode warning 
INFO: [HLS 200-1510] Running: config_debug -enable 
INFO: [HLS 200-1510] Running: config_export -disable_deadlock_detection=true 
INFO: [HLS 200-1510] Running: config_rtl -m_axi_conservative_mode=1 
WARNING: [HLS 200-483] The 'config_rtl -m_axi_conservative_mode' command is deprecated and will be removed in a future release. Use 'config_interface -m_axi_conservative_mode' as its replacement.
INFO: [HLS 200-1510] Running: config_interface -m_axi_addr64 
INFO: [HLS 200-1510] Running: config_interface -m_axi_auto_max_ports=0 
INFO: [HLS 200-1510] Running: config_export -format ip_catalog -ipname medianblur_accel 
INFO: [HLS 200-1510] Running: csynth_design -synthesis_check 
INFO: [HLS 200-111] Finished File checks and directory preparation: CPU user time: 0.01 seconds. CPU system time: 0 seconds. Elapsed time: 0.01 seconds; current allocated memory: 108.771 MB.
INFO: [HLS 200-10] Analyzing design file '/home/centos/workspace/median_kernels/src/xf_median_blur_accel.cpp' ... 
WARNING: [HLS 207-5514] 'Resource pragma' is deprecated, and it will be removed in future release. It is suggested to replace it with 'bind_op/bind_storage pragma'.: /home/centos/workspace/median_kernels/libs/xf_opencv/L1/include/imgproc/xf_median_blur.hpp:379:9
WARNING: [HLS 207-5528] Ignore interface attribute or pragma which is not used in top function: /home/centos/workspace/median_kernels/src/xf_median_blur_accel.cpp:27:9
WARNING: [HLS 207-5301] unused parameter 'print': /opt/Xilinx/Vitis_HLS/2021.1/common/technology/autopilot/ap_int_base.h:792:16
WARNING: [HLS 207-5301] unused parameter 'src': /home/centos/workspace/median_kernels/libs/xf_opencv/L1/include/common/xf_structs.hpp:506:30
WARNING: [HLS 207-5301] unused parameter '_data': /home/centos/workspace/median_kernels/libs/xf_opencv/L1/include/common/xf_structs.hpp:517:30
WARNING: [HLS 207-5301] unused parameter 'index': /home/centos/workspace/median_kernels/libs/xf_opencv/L1/include/common/xf_structs.hpp:530:14
WARNING: [HLS 207-5301] unused parameter 'index': /home/centos/workspace/median_kernels/libs/xf_opencv/L1/include/common/xf_structs.hpp:541:20
WARNING: [HLS 207-5301] unused parameter 'dst': /home/centos/workspace/median_kernels/libs/xf_opencv/L1/include/common/xf_structs.hpp:773:101
WARNING: [HLS 207-5301] unused parameter 'index': /home/centos/workspace/median_kernels/libs/xf_opencv/L1/include/common/xf_structs.hpp:1165:102
WARNING: [HLS 207-5301] unused parameter 'index': /home/centos/workspace/median_kernels/libs/xf_opencv/L1/include/common/xf_structs.hpp:1471:34
WARNING: [HLS 207-5301] unused parameter 'win_size': /home/centos/workspace/median_kernels/libs/xf_opencv/L1/include/imgproc/xf_median_blur.hpp:31:30
WARNING: [HLS 207-5514] 'Resource pragma' is deprecated, and it will be removed in future release. It is suggested to replace it with 'bind_op/bind_storage pragma'.: /home/centos/workspace/median_kernels/libs/xf_opencv/L1/include/imgproc/xf_median_blur.hpp:379:9
INFO: [HLS 200-111] Finished Source Code Analysis and Preprocessing: CPU user time: 6.92 seconds. CPU system time: 0.57 seconds. Elapsed time: 5.75 seconds; current allocated memory: 110.023 MB.
INFO: [HLS 200-777] Using interface defaults for 'Vitis' flow target.
INFO: [HLS 214-279] Initial Interval estimation mode is set into default.
INFO: [HLS 214-284] Auto array partition mode is set into default.
WARNING: [HLS 214-273] In function 'xf::cv::Mat<9, 2160, 3840, 1, 2>::Mat(int, int)', Pragma conflict happens on 'INLINE' and DATAFLOW pragmas: Inline into dataflow region is not suggested (/home/centos/workspace/median_kernels/libs/xf_opencv/L1/include/common/xf_structs.hpp:658:0)
WARNING: [HLS 214-273] In function 'xf::cv::Mat<9, 2160, 3840, 1, 2>::Mat(int, int)', Pragma conflict happens on 'INLINE' and DATAFLOW pragmas: Inline into dataflow region is not suggested (/home/centos/workspace/median_kernels/libs/xf_opencv/L1/include/common/xf_structs.hpp:658:0)
INFO: [HLS 214-131] Inlining function 'hls::stream<ap_uint<24>, 0>::stream()' into 'hls::stream<ap_uint<24>, 2>::stream()' (/opt/Xilinx/Vitis_HLS/2021.1/common/technology/autopilot/hls_stream_39.h:198:43)
INFO: [HLS 214-131] Inlining function 'hls::stream<ap_uint<24>, 2>::stream()' into 'xf::cv::Mat<9, 2160, 3840, 1, 2>::Mat(int, int)' (/home/centos/workspace/median_kernels/libs/xf_opencv/L1/include/common/xf_structs.hpp:457:5)
INFO: [HLS 214-131] Inlining function 'xf::cv::Mat<9, 2160, 3840, 1, 2>::init(int, int, bool)' into 'xf::cv::Mat<9, 2160, 3840, 1, 2>::Mat(int, int)' (/home/centos/workspace/median_kernels/libs/xf_opencv/L1/include/common/xf_structs.hpp:663:2)
INFO: [HLS 214-131] Inlining function 'hls::stream<ap_uint<32>, 0>::write(ap_uint<32> const&)' into 'xf::cv::MMIterIn<32, 9, 2160, 3840, 1, 2>::Axi2AxiStream(ap_uint<32>*, hls::stream<ap_uint<32>, 0>&, ap_uint<24>&)' (/home/centos/workspace/median_kernels/libs/xf_opencv/L1/include/common/xf_structs.hpp:957:7)
INFO: [HLS 214-131] Inlining function 'hls::stream<ap_uint<32>, 0>::read(ap_uint<32>&)' into 'hls::stream<ap_uint<32>, 0>::read()' (/opt/Xilinx/Vitis_HLS/2021.1/common/technology/autopilot/hls_stream_39.h:156:9)
INFO: [HLS 214-131] Inlining function 'hls::stream<ap_uint<24>, 0>::write(ap_uint<24> const&)' into 'void xf::cv::MMIterIn<32, 9, 2160, 3840, 1, 2>::AxiStream2MatStream<2>(hls::stream<ap_uint<32>, 0>&, hls::stream<ap_uint<24>, 2>&, int, int, int, int)' (/home/centos/workspace/median_kernels/libs/xf_opencv/L1/include/common/xf_structs.hpp:1032:46)
INFO: [HLS 214-131] Inlining function 'hls::stream<ap_uint<32>, 0>::read()' into 'void xf::cv::MMIterIn<32, 9, 2160, 3840, 1, 2>::AxiStream2MatStream<2>(hls::stream<ap_uint<32>, 0>&, hls::stream<ap_uint<24>, 2>&, int, int, int, int)' (/home/centos/workspace/median_kernels/libs/xf_opencv/L1/include/common/xf_structs.hpp:1016:27)
INFO: [HLS 214-131] Inlining function 'hls::stream<ap_uint<32>, 0>::stream()' into 'xf::cv::MMIterIn<32, 9, 2160, 3840, 1, 2>::Axi2Mat(ap_uint<32>*, hls::stream<ap_uint<24>, 2>&, int, int, int)' (/home/centos/workspace/median_kernels/libs/xf_opencv/L1/include/common/xf_structs.hpp:1090:35)
INFO: [HLS 214-131] Inlining function 'hls::stream<ap_uint<24>, 0>::read(ap_uint<24>&)' into 'hls::stream<ap_uint<24>, 0>::read()' (/opt/Xilinx/Vitis_HLS/2021.1/common/technology/autopilot/hls_stream_39.h:156:9)
INFO: [HLS 214-131] Inlining function 'hls::stream<ap_uint<24>, 0>::read()' into 'ap_uint<24> xf::cv::Mat<9, 2160, 3840, 1, 2>::read<2, (void*)0>(int)' (/home/centos/workspace/median_kernels/libs/xf_opencv/L1/include/common/xf_structs.hpp:531:21)
INFO: [HLS 214-131] Inlining function 'hls::stream<ap_uint<24>, 0>::write(ap_uint<24> const&)' into 'void xf::cv::Mat<9, 2160, 3840, 1, 2>::write<2, (void*)0>(int, ap_uint<24>)' (/home/centos/workspace/median_kernels/libs/xf_opencv/L1/include/common/xf_structs.hpp:542:14)
INFO: [HLS 214-131] Inlining function 'void xf::cv::ProcessMedianNxN<2160, 3840, 3, 9, 1, 0, 3842, 5, 25>(xf::cv::Mat<9, 2160, 3840, 1, 2>&, xf::cv::Mat<9, 2160, 3840, 1, 2>&, DataType<9, 1>::name (*) [(3840) >> (xfNPixelsPerCycle<1>::datashift)], PixelType<9>::uname (*) [(xfNPixelsPerCycle<1>::nppc) + ((5) - (1))], PixelType<9>::uname*, DataType<9, 1>::name&, unsigned short, unsigned short, unsigned short&, ap_uint<13>*, ap_uint<13>, ap_uint<8>, int&, int&)' into 'void xf::cv::xFMedianNxN<2160, 3840, 3, 9, 1, 0, 3842, 5, 25>(xf::cv::Mat<9, 2160, 3840, 1, 2>&, xf::cv::Mat<9, 2160, 3840, 1, 2>&, ap_uint<8>, unsigned short, unsigned short)' (/home/centos/workspace/median_kernels/libs/xf_opencv/L1/include/imgproc/xf_median_blur.hpp:431:9)
INFO: [HLS 214-131] Inlining function 'hls::stream<ap_uint<32>, 0>::write(ap_uint<32> const&)' into 'void xf::cv::MMIterOut<32, 9, 2160, 3840, 1, 1, 2>::MatStream2AxiStream<2>(hls::stream<ap_uint<24>, 2>&, hls::stream<ap_uint<32>, 0>&, int, int, int, int)' (/home/centos/workspace/median_kernels/libs/xf_opencv/L1/include/common/xf_structs.hpp:1282:18)
INFO: [HLS 214-131] Inlining function 'hls::stream<ap_uint<32>, 0>::write(ap_uint<32> const&)' into 'void xf::cv::MMIterOut<32, 9, 2160, 3840, 1, 1, 2>::MatStream2AxiStream<2>(hls::stream<ap_uint<24>, 2>&, hls::stream<ap_uint<32>, 0>&, int, int, int, int)' (/home/centos/workspace/median_kernels/libs/xf_opencv/L1/include/common/xf_structs.hpp:1272:26)
INFO: [HLS 214-131] Inlining function 'hls::stream<ap_uint<24>, 0>::read()' into 'void xf::cv::MMIterOut<32, 9, 2160, 3840, 1, 1, 2>::MatStream2AxiStream<2>(hls::stream<ap_uint<24>, 2>&, hls::stream<ap_uint<32>, 0>&, int, int, int, int)' (/home/centos/workspace/median_kernels/libs/xf_opencv/L1/include/common/xf_structs.hpp:1257:31)
INFO: [HLS 214-131] Inlining function 'hls::stream<ap_uint<32>, 0>::read()' into 'xf::cv::MMIterOut<32, 9, 2160, 3840, 1, 1, 2>::AxiStream2Axi(hls::stream<ap_uint<32>, 0>&, ap_uint<32>*, ap_uint<24>&)' (/home/centos/workspace/median_kernels/libs/xf_opencv/L1/include/common/xf_structs.hpp:1325:16)
INFO: [HLS 214-131] Inlining function 'hls::stream<ap_uint<32>, 0>::stream()' into 'xf::cv::MMIterOut<32, 9, 2160, 3840, 1, 1, 2>::Mat2Axi(hls::stream<ap_uint<24>, 2>&, ap_uint<32>*, int, int, int)' (/home/centos/workspace/median_kernels/libs/xf_opencv/L1/include/common/xf_structs.hpp:1361:42)
INFO: [HLS 214-131] Inlining function 'xf::cv::Mat<9, 2160, 3840, 1, 2>::Mat(int, int)' into 'medianblur_accel' (/home/centos/workspace/median_kernels/src/xf_median_blur_accel.cpp:30:45)
INFO: [HLS 214-131] Inlining function 'xf::cv::Mat<9, 2160, 3840, 1, 2>::Mat(int, int)' into 'medianblur_accel' (/home/centos/workspace/median_kernels/src/xf_median_blur_accel.cpp:31:48)
INFO: [HLS 214-186] Unrolling loop 'anonymous' (/home/centos/workspace/median_kernels/libs/xf_opencv/L1/include/imgproc/xf_median_blur.hpp:153:5) in function 'xf::cv::xFMedianNxN<2160, 3840, 3, 9, 1, 0, 3842, 5, 25>' completely with a factor of 5 (/home/centos/workspace/median_kernels/libs/xf_opencv/L1/include/imgproc/xf_median_blur.hpp:355:0)
INFO: [HLS 214-186] Unrolling loop 'anonymous' (/home/centos/workspace/median_kernels/libs/xf_opencv/L1/include/imgproc/xf_median_blur.hpp:158:2) in function 'xf::cv::xFMedianNxN<2160, 3840, 3, 9, 1, 0, 3842, 5, 25>' completely with a factor of 5 (/home/centos/workspace/median_kernels/libs/xf_opencv/L1/include/imgproc/xf_median_blur.hpp:355:0)
INFO: [HLS 214-186] Unrolling loop 'anonymous' (/home/centos/workspace/median_kernels/libs/xf_opencv/L1/include/imgproc/xf_median_blur.hpp:158:2) in function 'xf::cv::xFMedianNxN<2160, 3840, 3, 9, 1, 0, 3842, 5, 25>' completely with a factor of 5 (/home/centos/workspace/median_kernels/libs/xf_opencv/L1/include/imgproc/xf_median_blur.hpp:355:0)
INFO: [HLS 214-186] Unrolling loop 'anonymous' (/home/centos/workspace/median_kernels/libs/xf_opencv/L1/include/imgproc/xf_median_blur.hpp:158:2) in function 'xf::cv::xFMedianNxN<2160, 3840, 3, 9, 1, 0, 3842, 5, 25>' completely with a factor of 5 (/home/centos/workspace/median_kernels/libs/xf_opencv/L1/include/imgproc/xf_median_blur.hpp:355:0)
INFO: [HLS 214-186] Unrolling loop 'anonymous' (/home/centos/workspace/median_kernels/libs/xf_opencv/L1/include/imgproc/xf_median_blur.hpp:158:2) in function 'xf::cv::xFMedianNxN<2160, 3840, 3, 9, 1, 0, 3842, 5, 25>' completely with a factor of 5 (/home/centos/workspace/median_kernels/libs/xf_opencv/L1/include/imgproc/xf_median_blur.hpp:355:0)
INFO: [HLS 214-186] Unrolling loop 'anonymous' (/home/centos/workspace/median_kernels/libs/xf_opencv/L1/include/imgproc/xf_median_blur.hpp:158:2) in function 'xf::cv::xFMedianNxN<2160, 3840, 3, 9, 1, 0, 3842, 5, 25>' completely with a factor of 5 (/home/centos/workspace/median_kernels/libs/xf_opencv/L1/include/imgproc/xf_median_blur.hpp:355:0)
INFO: [HLS 214-186] Unrolling loop 'anonymous' (/home/centos/workspace/median_kernels/libs/xf_opencv/L1/include/imgproc/xf_median_blur.hpp:298:13) in function 'xf::cv::xFMedianNxN<2160, 3840, 3, 9, 1, 0, 3842, 5, 25>' completely with a factor of 5 (/home/centos/workspace/median_kernels/libs/xf_opencv/L1/include/imgproc/xf_median_blur.hpp:355:0)
INFO: [HLS 214-186] Unrolling loop 'anonymous' (/home/centos/workspace/median_kernels/libs/xf_opencv/L1/include/imgproc/xf_median_blur.hpp:309:13) in function 'xf::cv::xFMedianNxN<2160, 3840, 3, 9, 1, 0, 3842, 5, 25>' completely with a factor of 5 (/home/centos/workspace/median_kernels/libs/xf_opencv/L1/include/imgproc/xf_median_blur.hpp:355:0)
INFO: [HLS 214-186] Unrolling loop 'anonymous' (/home/centos/workspace/median_kernels/libs/xf_opencv/L1/include/imgproc/xf_median_blur.hpp:329:13) in function 'xf::cv::xFMedianNxN<2160, 3840, 3, 9, 1, 0, 3842, 5, 25>' completely with a factor of 5 (/home/centos/workspace/median_kernels/libs/xf_opencv/L1/include/imgproc/xf_median_blur.hpp:355:0)
INFO: [HLS 214-186] Unrolling loop 'anonymous' (/home/centos/workspace/median_kernels/libs/xf_opencv/L1/include/imgproc/xf_median_blur.hpp:334:2) in function 'xf::cv::xFMedianNxN<2160, 3840, 3, 9, 1, 0, 3842, 5, 25>' completely with a factor of 4 (/home/centos/workspace/median_kernels/libs/xf_opencv/L1/include/imgproc/xf_median_blur.hpp:355:0)
INFO: [HLS 214-186] Unrolling loop 'anonymous' (/home/centos/workspace/median_kernels/libs/xf_opencv/L1/include/imgproc/xf_median_blur.hpp:334:2) in function 'xf::cv::xFMedianNxN<2160, 3840, 3, 9, 1, 0, 3842, 5, 25>' completely with a factor of 4 (/home/centos/workspace/median_kernels/libs/xf_opencv/L1/include/imgproc/xf_median_blur.hpp:355:0)
INFO: [HLS 214-186] Unrolling loop 'anonymous' (/home/centos/workspace/median_kernels/libs/xf_opencv/L1/include/imgproc/xf_median_blur.hpp:334:2) in function 'xf::cv::xFMedianNxN<2160, 3840, 3, 9, 1, 0, 3842, 5, 25>' completely with a factor of 4 (/home/centos/workspace/median_kernels/libs/xf_opencv/L1/include/imgproc/xf_median_blur.hpp:355:0)
INFO: [HLS 214-186] Unrolling loop 'anonymous' (/home/centos/workspace/median_kernels/libs/xf_opencv/L1/include/imgproc/xf_median_blur.hpp:334:2) in function 'xf::cv::xFMedianNxN<2160, 3840, 3, 9, 1, 0, 3842, 5, 25>' completely with a factor of 4 (/home/centos/workspace/median_kernels/libs/xf_opencv/L1/include/imgproc/xf_median_blur.hpp:355:0)
INFO: [HLS 214-186] Unrolling loop 'anonymous' (/home/centos/workspace/median_kernels/libs/xf_opencv/L1/include/imgproc/xf_median_blur.hpp:334:2) in function 'xf::cv::xFMedianNxN<2160, 3840, 3, 9, 1, 0, 3842, 5, 25>' completely with a factor of 4 (/home/centos/workspace/median_kernels/libs/xf_opencv/L1/include/imgproc/xf_median_blur.hpp:355:0)
INFO: [HLS 214-186] Unrolling loop 'anonymous' (/home/centos/workspace/median_kernels/libs/xf_opencv/L1/include/imgproc/xf_median_blur.hpp:437:9) in function 'xf::cv::xFMedianNxN<2160, 3840, 3, 9, 1, 0, 3842, 5, 25>' completely with a factor of 4 (/home/centos/workspace/median_kernels/libs/xf_opencv/L1/include/imgproc/xf_median_blur.hpp:355:0)
INFO: [HLS 214-186] Unrolling loop 'anonymous' (/home/centos/workspace/median_kernels/libs/xf_opencv/L1/include/imgproc/xf_median_blur.hpp:413:2) in function 'xf::cv::xFMedianNxN<2160, 3840, 3, 9, 1, 0, 3842, 5, 25>' completely with a factor of 2 (/home/centos/workspace/median_kernels/libs/xf_opencv/L1/include/imgproc/xf_median_blur.hpp:355:0)
INFO: [HLS 214-186] Unrolling loop 'anonymous' (/home/centos/workspace/median_kernels/libs/xf_opencv/L1/include/imgproc/xf_median_blur.hpp:58:5) in function 'xf::cv::xFMedianProc<3, 1, 9, 5, 25>' completely with a factor of 3 (/home/centos/workspace/median_kernels/libs/xf_opencv/L1/include/imgproc/xf_median_blur.hpp:31:0)
INFO: [HLS 214-186] Unrolling loop 'xFSortLoop2' (/home/centos/workspace/median_kernels/libs/xf_opencv/L1/include/imgproc/xf_median_blur.hpp:97:17) in function 'xf::cv::xFMedianProc<3, 1, 9, 5, 25>' completely with a factor of 12 (/home/centos/workspace/median_kernels/libs/xf_opencv/L1/include/imgproc/xf_median_blur.hpp:31:0)
INFO: [HLS 214-186] Unrolling loop 'xFSortLoop1' (/home/centos/workspace/median_kernels/libs/xf_opencv/L1/include/imgproc/xf_median_blur.hpp:80:17) in function 'xf::cv::xFMedianProc<3, 1, 9, 5, 25>' completely with a factor of 12 (/home/centos/workspace/median_kernels/libs/xf_opencv/L1/include/imgproc/xf_median_blur.hpp:31:0)
INFO: [HLS 214-186] Unrolling loop 'anonymous' (/home/centos/workspace/median_kernels/libs/xf_opencv/L1/include/imgproc/xf_median_blur.hpp:63:2) in function 'xf::cv::xFMedianProc<3, 1, 9, 5, 25>' completely with a factor of 25 (/home/centos/workspace/median_kernels/libs/xf_opencv/L1/include/imgproc/xf_median_blur.hpp:31:0)
INFO: [HLS 214-186] Unrolling loop 'xFSortLoop2' (/home/centos/workspace/median_kernels/libs/xf_opencv/L1/include/imgproc/xf_median_blur.hpp:97:17) in function 'xf::cv::xFMedianProc<3, 1, 9, 5, 25>' completely with a factor of 12 (/home/centos/workspace/median_kernels/libs/xf_opencv/L1/include/imgproc/xf_median_blur.hpp:31:0)
INFO: [HLS 214-186] Unrolling loop 'xFSortLoop1' (/home/centos/workspace/median_kernels/libs/xf_opencv/L1/include/imgproc/xf_median_blur.hpp:80:17) in function 'xf::cv::xFMedianProc<3, 1, 9, 5, 25>' completely with a factor of 12 (/home/centos/workspace/median_kernels/libs/xf_opencv/L1/include/imgproc/xf_median_blur.hpp:31:0)
INFO: [HLS 214-186] Unrolling loop 'anonymous' (/home/centos/workspace/median_kernels/libs/xf_opencv/L1/include/imgproc/xf_median_blur.hpp:63:2) in function 'xf::cv::xFMedianProc<3, 1, 9, 5, 25>' completely with a factor of 25 (/home/centos/workspace/median_kernels/libs/xf_opencv/L1/include/imgproc/xf_median_blur.hpp:31:0)
INFO: [HLS 214-186] Unrolling loop 'xFSortLoop2' (/home/centos/workspace/median_kernels/libs/xf_opencv/L1/include/imgproc/xf_median_blur.hpp:97:17) in function 'xf::cv::xFMedianProc<3, 1, 9, 5, 25>' completely with a factor of 12 (/home/centos/workspace/median_kernels/libs/xf_opencv/L1/include/imgproc/xf_median_blur.hpp:31:0)
INFO: [HLS 214-186] Unrolling loop 'xFSortLoop1' (/home/centos/workspace/median_kernels/libs/xf_opencv/L1/include/imgproc/xf_median_blur.hpp:80:17) in function 'xf::cv::xFMedianProc<3, 1, 9, 5, 25>' completely with a factor of 12 (/home/centos/workspace/median_kernels/libs/xf_opencv/L1/include/imgproc/xf_median_blur.hpp:31:0)
INFO: [HLS 214-186] Unrolling loop 'anonymous' (/home/centos/workspace/median_kernels/libs/xf_opencv/L1/include/imgproc/xf_median_blur.hpp:63:2) in function 'xf::cv::xFMedianProc<3, 1, 9, 5, 25>' completely with a factor of 25 (/home/centos/workspace/median_kernels/libs/xf_opencv/L1/include/imgproc/xf_median_blur.hpp:31:0)
INFO: [HLS 214-186] Unrolling loop 'Compute_Grad_Loop' (/home/centos/workspace/median_kernels/libs/xf_opencv/L1/include/imgproc/xf_median_blur.hpp:44:5) in function 'xf::cv::xFMedianProc<3, 1, 9, 5, 25>' completely with a factor of 5 (/home/centos/workspace/median_kernels/libs/xf_opencv/L1/include/imgproc/xf_median_blur.hpp:31:0)
INFO: [HLS 214-186] Unrolling loop 'anonymous' (/home/centos/workspace/median_kernels/libs/xf_opencv/L1/include/imgproc/xf_median_blur.hpp:49:2) in function 'xf::cv::xFMedianProc<3, 1, 9, 5, 25>' completely with a factor of 5 (/home/centos/workspace/median_kernels/libs/xf_opencv/L1/include/imgproc/xf_median_blur.hpp:31:0)
INFO: [HLS 214-186] Unrolling loop 'anonymous' (/home/centos/workspace/median_kernels/libs/xf_opencv/L1/include/imgproc/xf_median_blur.hpp:49:2) in function 'xf::cv::xFMedianProc<3, 1, 9, 5, 25>' completely with a factor of 5 (/home/centos/workspace/median_kernels/libs/xf_opencv/L1/include/imgproc/xf_median_blur.hpp:31:0)
INFO: [HLS 214-186] Unrolling loop 'anonymous' (/home/centos/workspace/median_kernels/libs/xf_opencv/L1/include/imgproc/xf_median_blur.hpp:49:2) in function 'xf::cv::xFMedianProc<3, 1, 9, 5, 25>' completely with a factor of 5 (/home/centos/workspace/median_kernels/libs/xf_opencv/L1/include/imgproc/xf_median_blur.hpp:31:0)
INFO: [HLS 214-186] Unrolling loop 'anonymous' (/home/centos/workspace/median_kernels/libs/xf_opencv/L1/include/imgproc/xf_median_blur.hpp:49:2) in function 'xf::cv::xFMedianProc<3, 1, 9, 5, 25>' completely with a factor of 5 (/home/centos/workspace/median_kernels/libs/xf_opencv/L1/include/imgproc/xf_median_blur.hpp:31:0)
INFO: [HLS 214-186] Unrolling loop 'anonymous' (/home/centos/workspace/median_kernels/libs/xf_opencv/L1/include/imgproc/xf_median_blur.hpp:49:2) in function 'xf::cv::xFMedianProc<3, 1, 9, 5, 25>' completely with a factor of 5 (/home/centos/workspace/median_kernels/libs/xf_opencv/L1/include/imgproc/xf_median_blur.hpp:31:0)
INFO: [HLS 214-178] Inlining function 'xf::cv::MMIterIn<32, 9, 2160, 3840, 1, 2>::Array2xfMat(ap_uint<32>*, xf::cv::Mat<9, 2160, 3840, 1, 2>&, int)' into 'void xf::cv::Array2xfMat<32, 9, 2160, 3840, 1>(ap_uint<32>*, xf::cv::Mat<9, 2160, 3840, 1, 2>&, int)' (/home/centos/workspace/median_kernels/libs/xf_opencv/L1/include/common/xf_utility.hpp:524:0)
INFO: [HLS 214-178] Inlining function 'ap_uint<24> xf::cv::Mat<9, 2160, 3840, 1, 2>::read<2, (void*)0>(int)' into 'void xf::cv::xFMedianNxN<2160, 3840, 3, 9, 1, 0, 3842, 5, 25>(xf::cv::Mat<9, 2160, 3840, 1, 2>&, xf::cv::Mat<9, 2160, 3840, 1, 2>&, ap_uint<8>, unsigned short, unsigned short)' (/home/centos/workspace/median_kernels/libs/xf_opencv/L1/include/imgproc/xf_median_blur.hpp:355:0)
INFO: [HLS 214-178] Inlining function 'void xf::cv::Mat<9, 2160, 3840, 1, 2>::write<2, (void*)0>(int, ap_uint<24>)' into 'void xf::cv::xFMedianNxN<2160, 3840, 3, 9, 1, 0, 3842, 5, 25>(xf::cv::Mat<9, 2160, 3840, 1, 2>&, xf::cv::Mat<9, 2160, 3840, 1, 2>&, ap_uint<8>, unsigned short, unsigned short)' (/home/centos/workspace/median_kernels/libs/xf_opencv/L1/include/imgproc/xf_median_blur.hpp:355:0)
INFO: [HLS 214-178] Inlining function 'xf::cv::MMIterOut<32, 9, 2160, 3840, 1, 1, 2>::xfMat2Array(xf::cv::Mat<9, 2160, 3840, 1, 2>&, ap_uint<32>*, int)' into 'void xf::cv::xfMat2Array<32, 9, 2160, 3840, 1, 1>(xf::cv::Mat<9, 2160, 3840, 1, 2>&, ap_uint<32>*, int)' (/home/centos/workspace/median_kernels/libs/xf_opencv/L1/include/common/xf_utility.hpp:514:0)
INFO: [HLS 200-111] Finished Compiling Optimization and Transform: CPU user time: 5.05 seconds. CPU system time: 0.43 seconds. Elapsed time: 5.5 seconds; current allocated memory: 111.358 MB.
INFO: [HLS 200-111] Finished Checking Pragmas: CPU user time: 0 seconds. CPU system time: 0 seconds. Elapsed time: 0 seconds; current allocated memory: 111.359 MB.
INFO: [HLS 200-1493] Running only source code synthesis checks, skipping scheduling and RTL generation.
INFO: [HLS 200-111] Finished Command csynth_design CPU user time: 11.99 seconds. CPU system time: 1 seconds. Elapsed time: 11.27 seconds; current allocated memory: 111.331 MB.
HLS completed successfully
INFO: [HLS 200-112] Total CPU user time: 13.15 seconds. Total CPU system time: 1.34 seconds. Total elapsed time: 12.42 seconds; peak allocated memory: 111.359 MB.
INFO: [Common 17-206] Exiting vitis_hls at Thu Jan 27 17:19:25 2022...
