==============================================================
Vitis HLS - High-Level Synthesis from C, C++ and OpenCL v2021.1 (64-bit)
Copyright 1986-2021 Xilinx, Inc. All Rights Reserved.
==============================================================
INFO: [HLS 200-1505] Using flow_target 'vitis'
INFO: [HLS 200-435] Setting 'open_solution -flow_target vitis' configuration: config_interface -m_axi_latency=64
INFO: [HLS 200-435] Setting 'open_solution -flow_target vitis' configuration: config_interface -m_axi_alignment_byte_size=64
INFO: [HLS 200-435] Setting 'open_solution -flow_target vitis' configuration: config_interface -m_axi_max_widen_bitwidth=512
INFO: [HLS 200-435] Setting 'open_solution -flow_target vitis' configuration: config_rtl -register_reset_num=3
INFO: [HLS 200-1510] Running: set_part xcvu9p-flgb2104-2-i 
INFO: [HLS 200-1611] Setting target device to 'xcvu9p-flgb2104-2-i'
INFO: [HLS 200-1510] Running: create_clock -period 250.000000MHz -name default 
INFO: [SYN 201-201] Setting up clock 'default' with a period of 4ns.
INFO: [HLS 200-1510] Running: config_rtl -kernel_profile 
INFO: [HLS 200-1510] Running: config_dataflow -strict_mode warning 
INFO: [HLS 200-1510] Running: config_debug -enable 
INFO: [HLS 200-1510] Running: config_export -disable_deadlock_detection=true 
INFO: [HLS 200-1510] Running: config_rtl -m_axi_conservative_mode=1 
WARNING: [HLS 200-483] The 'config_rtl -m_axi_conservative_mode' command is deprecated and will be removed in a future release. Use 'config_interface -m_axi_conservative_mode' as its replacement.
INFO: [HLS 200-1510] Running: config_interface -m_axi_addr64 
INFO: [HLS 200-1510] Running: config_interface -m_axi_auto_max_ports=0 
INFO: [HLS 200-1510] Running: config_export -format ip_catalog -ipname sobel_accel 
INFO: [HLS 200-1510] Running: csynth_design -synthesis_check 
INFO: [HLS 200-111] Finished File checks and directory preparation: CPU user time: 0.01 seconds. CPU system time: 0 seconds. Elapsed time: 0.01 seconds; current allocated memory: 108.754 MB.
INFO: [HLS 200-10] Analyzing design file '/home/centos/workspace/median_kernels/src/xf_sobel_accel.cpp' ... 
WARNING: [HLS 207-5514] 'Resource pragma' is deprecated, and it will be removed in future release. It is suggested to replace it with 'bind_op/bind_storage pragma'.: /home/centos/workspace/median_kernels/libs/xf_opencv/L1/include/imgproc/xf_sobel.hpp:337:9
WARNING: [HLS 207-5514] 'Resource pragma' is deprecated, and it will be removed in future release. It is suggested to replace it with 'bind_op/bind_storage pragma'.: /home/centos/workspace/median_kernels/libs/xf_opencv/L1/include/imgproc/xf_sobel.hpp:341:9
WARNING: [HLS 207-5514] 'Resource pragma' is deprecated, and it will be removed in future release. It is suggested to replace it with 'bind_op/bind_storage pragma'.: /home/centos/workspace/median_kernels/libs/xf_opencv/L1/include/imgproc/xf_sobel.hpp:847:9
WARNING: [HLS 207-5514] 'Resource pragma' is deprecated, and it will be removed in future release. It is suggested to replace it with 'bind_op/bind_storage pragma'.: /home/centos/workspace/median_kernels/libs/xf_opencv/L1/include/imgproc/xf_sobel.hpp:852:9
WARNING: [HLS 207-5514] 'Resource pragma' is deprecated, and it will be removed in future release. It is suggested to replace it with 'bind_op/bind_storage pragma'.: /home/centos/workspace/median_kernels/libs/xf_opencv/L1/include/imgproc/xf_sobel.hpp:1696:9
WARNING: [HLS 207-5514] 'Resource pragma' is deprecated, and it will be removed in future release. It is suggested to replace it with 'bind_op/bind_storage pragma'.: /home/centos/workspace/median_kernels/libs/xf_opencv/L1/include/imgproc/xf_sobel.hpp:1701:9
WARNING: [HLS 207-5528] Ignore interface attribute or pragma which is not used in top function: /home/centos/workspace/median_kernels/src/xf_sobel_accel.cpp:35:9
WARNING: [HLS 207-5301] unused parameter 'print': /opt/Xilinx/Vitis_HLS/2021.1/common/technology/autopilot/ap_int_base.h:792:16
WARNING: [HLS 207-5301] unused parameter 'src': /home/centos/workspace/median_kernels/libs/xf_opencv/L1/include/common/xf_structs.hpp:506:30
WARNING: [HLS 207-5301] unused parameter '_data': /home/centos/workspace/median_kernels/libs/xf_opencv/L1/include/common/xf_structs.hpp:517:30
WARNING: [HLS 207-5301] unused parameter 'index': /home/centos/workspace/median_kernels/libs/xf_opencv/L1/include/common/xf_structs.hpp:530:14
WARNING: [HLS 207-5301] unused parameter 'index': /home/centos/workspace/median_kernels/libs/xf_opencv/L1/include/common/xf_structs.hpp:541:20
WARNING: [HLS 207-5301] unused parameter 'dst': /home/centos/workspace/median_kernels/libs/xf_opencv/L1/include/common/xf_structs.hpp:773:101
WARNING: [HLS 207-5301] unused parameter 'index': /home/centos/workspace/median_kernels/libs/xf_opencv/L1/include/common/xf_structs.hpp:1165:102
WARNING: [HLS 207-5301] unused parameter 'index': /home/centos/workspace/median_kernels/libs/xf_opencv/L1/include/common/xf_structs.hpp:1471:34
WARNING: [HLS 207-5301] unused parameter 't1': /home/centos/workspace/median_kernels/libs/xf_opencv/L1/include/imgproc/xf_sobel.hpp:45:52
WARNING: [HLS 207-5301] unused parameter 'm1': /home/centos/workspace/median_kernels/libs/xf_opencv/L1/include/imgproc/xf_sobel.hpp:48:52
WARNING: [HLS 207-5301] unused parameter 'b1': /home/centos/workspace/median_kernels/libs/xf_opencv/L1/include/imgproc/xf_sobel.hpp:51:52
WARNING: [HLS 207-5301] unused parameter 'm0': /home/centos/workspace/median_kernels/libs/xf_opencv/L1/include/imgproc/xf_sobel.hpp:95:52
WARNING: [HLS 207-5301] unused parameter 'm1': /home/centos/workspace/median_kernels/libs/xf_opencv/L1/include/imgproc/xf_sobel.hpp:96:52
WARNING: [HLS 207-5301] unused parameter 'm2': /home/centos/workspace/median_kernels/libs/xf_opencv/L1/include/imgproc/xf_sobel.hpp:97:52
WARNING: [HLS 207-5541] unknown HLS pragma ignored: /home/centos/workspace/median_kernels/libs/xf_opencv/L1/include/imgproc/xf_sobel.hpp:336:9
WARNING: [HLS 207-5514] 'Resource pragma' is deprecated, and it will be removed in future release. It is suggested to replace it with 'bind_op/bind_storage pragma'.: /home/centos/workspace/median_kernels/libs/xf_opencv/L1/include/imgproc/xf_sobel.hpp:337:9
WARNING: [HLS 207-5514] 'Resource pragma' is deprecated, and it will be removed in future release. It is suggested to replace it with 'bind_op/bind_storage pragma'.: /home/centos/workspace/median_kernels/libs/xf_opencv/L1/include/imgproc/xf_sobel.hpp:341:9
WARNING: [HLS 207-5301] unused parameter 'src_buf3': /home/centos/workspace/median_kernels/libs/xf_opencv/L1/include/imgproc/xf_sobel.hpp:566:54
WARNING: [HLS 207-5514] 'Resource pragma' is deprecated, and it will be removed in future release. It is suggested to replace it with 'bind_op/bind_storage pragma'.: /home/centos/workspace/median_kernels/libs/xf_opencv/L1/include/imgproc/xf_sobel.hpp:847:9
WARNING: [HLS 207-5541] unknown HLS pragma ignored: /home/centos/workspace/median_kernels/libs/xf_opencv/L1/include/imgproc/xf_sobel.hpp:848:9
WARNING: [HLS 207-5514] 'Resource pragma' is deprecated, and it will be removed in future release. It is suggested to replace it with 'bind_op/bind_storage pragma'.: /home/centos/workspace/median_kernels/libs/xf_opencv/L1/include/imgproc/xf_sobel.hpp:852:9
WARNING: [HLS 207-5301] unused parameter 'src_buf4': /home/centos/workspace/median_kernels/libs/xf_opencv/L1/include/imgproc/xf_sobel.hpp:1253:54
WARNING: [HLS 207-5301] unused parameter '_src_mat': /home/centos/workspace/median_kernels/libs/xf_opencv/L1/include/imgproc/xf_sobel.hpp:1544:58
WARNING: [HLS 207-5301] unused parameter 'read_index': /home/centos/workspace/median_kernels/libs/xf_opencv/L1/include/imgproc/xf_sobel.hpp:1560:26
WARNING: [HLS 207-5514] 'Resource pragma' is deprecated, and it will be removed in future release. It is suggested to replace it with 'bind_op/bind_storage pragma'.: /home/centos/workspace/median_kernels/libs/xf_opencv/L1/include/imgproc/xf_sobel.hpp:1696:9
WARNING: [HLS 207-5541] unknown HLS pragma ignored: /home/centos/workspace/median_kernels/libs/xf_opencv/L1/include/imgproc/xf_sobel.hpp:1697:9
WARNING: [HLS 207-5514] 'Resource pragma' is deprecated, and it will be removed in future release. It is suggested to replace it with 'bind_op/bind_storage pragma'.: /home/centos/workspace/median_kernels/libs/xf_opencv/L1/include/imgproc/xf_sobel.hpp:1701:9
INFO: [HLS 200-111] Finished Source Code Analysis and Preprocessing: CPU user time: 9.53 seconds. CPU system time: 0.6 seconds. Elapsed time: 8.4 seconds; current allocated memory: 110.307 MB.
INFO: [HLS 200-777] Using interface defaults for 'Vitis' flow target.
INFO: [HLS 214-279] Initial Interval estimation mode is set into default.
INFO: [HLS 214-284] Auto array partition mode is set into default.
WARNING: [HLS 214-273] In function 'xf::cv::Mat<9, 2160, 3840, 1, 2>::Mat(int, int)', Pragma conflict happens on 'INLINE' and DATAFLOW pragmas: Inline into dataflow region is not suggested (/home/centos/workspace/median_kernels/libs/xf_opencv/L1/include/common/xf_structs.hpp:658:0)
WARNING: [HLS 214-273] In function 'xf::cv::Mat<9, 2160, 3840, 1, 2>::Mat(int, int)', Pragma conflict happens on 'INLINE' and DATAFLOW pragmas: Inline into dataflow region is not suggested (/home/centos/workspace/median_kernels/libs/xf_opencv/L1/include/common/xf_structs.hpp:658:0)
WARNING: [HLS 214-273] In function 'xf::cv::Mat<9, 2160, 3840, 1, 2>::Mat(int, int)', Pragma conflict happens on 'INLINE' and DATAFLOW pragmas: Inline into dataflow region is not suggested (/home/centos/workspace/median_kernels/libs/xf_opencv/L1/include/common/xf_structs.hpp:658:0)
INFO: [HLS 214-131] Inlining function 'hls::stream<ap_uint<24>, 0>::stream()' into 'hls::stream<ap_uint<24>, 2>::stream()' (/opt/Xilinx/Vitis_HLS/2021.1/common/technology/autopilot/hls_stream_39.h:198:43)
INFO: [HLS 214-131] Inlining function 'hls::stream<ap_uint<24>, 2>::stream()' into 'xf::cv::Mat<9, 2160, 3840, 1, 2>::Mat(int, int)' (/home/centos/workspace/median_kernels/libs/xf_opencv/L1/include/common/xf_structs.hpp:457:5)
INFO: [HLS 214-131] Inlining function 'xf::cv::Mat<9, 2160, 3840, 1, 2>::init(int, int, bool)' into 'xf::cv::Mat<9, 2160, 3840, 1, 2>::Mat(int, int)' (/home/centos/workspace/median_kernels/libs/xf_opencv/L1/include/common/xf_structs.hpp:663:2)
INFO: [HLS 214-131] Inlining function 'hls::stream<ap_uint<256>, 0>::write(ap_uint<256> const&)' into 'xf::cv::MMIterIn<256, 9, 2160, 3840, 1, 2>::Axi2AxiStream(ap_uint<256>*, hls::stream<ap_uint<256>, 0>&, ap_uint<21>&)' (/home/centos/workspace/median_kernels/libs/xf_opencv/L1/include/common/xf_structs.hpp:957:7)
INFO: [HLS 214-131] Inlining function 'hls::stream<ap_uint<256>, 0>::read(ap_uint<256>&)' into 'hls::stream<ap_uint<256>, 0>::read()' (/opt/Xilinx/Vitis_HLS/2021.1/common/technology/autopilot/hls_stream_39.h:156:9)
INFO: [HLS 214-131] Inlining function 'hls::stream<ap_uint<24>, 0>::write(ap_uint<24> const&)' into 'void xf::cv::MMIterIn<256, 9, 2160, 3840, 1, 2>::AxiStream2MatStream<2>(hls::stream<ap_uint<256>, 0>&, hls::stream<ap_uint<24>, 2>&, int, int, int, int)' (/home/centos/workspace/median_kernels/libs/xf_opencv/L1/include/common/xf_structs.hpp:1032:46)
INFO: [HLS 214-131] Inlining function 'hls::stream<ap_uint<256>, 0>::read()' into 'void xf::cv::MMIterIn<256, 9, 2160, 3840, 1, 2>::AxiStream2MatStream<2>(hls::stream<ap_uint<256>, 0>&, hls::stream<ap_uint<24>, 2>&, int, int, int, int)' (/home/centos/workspace/median_kernels/libs/xf_opencv/L1/include/common/xf_structs.hpp:1016:27)
INFO: [HLS 214-131] Inlining function 'hls::stream<ap_uint<256>, 0>::stream()' into 'xf::cv::MMIterIn<256, 9, 2160, 3840, 1, 2>::Axi2Mat(ap_uint<256>*, hls::stream<ap_uint<24>, 2>&, int, int, int)' (/home/centos/workspace/median_kernels/libs/xf_opencv/L1/include/common/xf_structs.hpp:1090:35)
INFO: [HLS 214-131] Inlining function 'hls::stream<ap_uint<24>, 0>::read(ap_uint<24>&)' into 'hls::stream<ap_uint<24>, 0>::read()' (/opt/Xilinx/Vitis_HLS/2021.1/common/technology/autopilot/hls_stream_39.h:156:9)
INFO: [HLS 214-131] Inlining function 'hls::stream<ap_uint<24>, 0>::read()' into 'ap_uint<24> xf::cv::Mat<9, 2160, 3840, 1, 2>::read<2, (void*)0>(int)' (/home/centos/workspace/median_kernels/libs/xf_opencv/L1/include/common/xf_structs.hpp:531:21)
INFO: [HLS 214-131] Inlining function 'hls::stream<ap_uint<24>, 0>::write(ap_uint<24> const&)' into 'void xf::cv::Mat<9, 2160, 3840, 1, 2>::write<2, (void*)0>(int, ap_uint<24>)' (/home/centos/workspace/median_kernels/libs/xf_opencv/L1/include/common/xf_structs.hpp:542:14)
INFO: [HLS 214-131] Inlining function 'void xf::cv::xfPackPixels<1, 9, 15>(PixelType<15>::name*, StreamType<9>::name&, unsigned short, short, unsigned short&)' into 'void xf::cv::ProcessSobel3x3<9, 9, 2160, 3840, 3, 15, 15, 1, 9, 9, 3840>(xf::cv::Mat<9, 2160, 3840, 1, 2>&, xf::cv::Mat<9, 2160, 3840, 1, 2>&, xf::cv::Mat<9, 2160, 3840, 1, 2>&, StreamType<9>::name (*) [(3840) >> (xfNPixelsPerCycle<1>::datashift)], PixelType<15>::name*, PixelType<15>::name*, PixelType<15>::name*, PixelType<15>::name*, PixelType<15>::name*, StreamType<9>::name&, StreamType<9>::name&, unsigned short, unsigned short, ap_uint<13>, unsigned short&, unsigned short&, ap_uint<2>, ap_uint<2>, ap_uint<2>, ap_uint<13>, int&, int&)' (/home/centos/workspace/median_kernels/libs/xf_opencv/L1/include/imgproc/xf_sobel.hpp:269:13)
INFO: [HLS 214-131] Inlining function 'void xf::cv::xfPackPixels<1, 9, 15>(PixelType<15>::name*, StreamType<9>::name&, unsigned short, short, unsigned short&)' into 'void xf::cv::ProcessSobel3x3<9, 9, 2160, 3840, 3, 15, 15, 1, 9, 9, 3840>(xf::cv::Mat<9, 2160, 3840, 1, 2>&, xf::cv::Mat<9, 2160, 3840, 1, 2>&, xf::cv::Mat<9, 2160, 3840, 1, 2>&, StreamType<9>::name (*) [(3840) >> (xfNPixelsPerCycle<1>::datashift)], PixelType<15>::name*, PixelType<15>::name*, PixelType<15>::name*, PixelType<15>::name*, PixelType<15>::name*, StreamType<9>::name&, StreamType<9>::name&, unsigned short, unsigned short, ap_uint<13>, unsigned short&, unsigned short&, ap_uint<2>, ap_uint<2>, ap_uint<2>, ap_uint<13>, int&, int&)' (/home/centos/workspace/median_kernels/libs/xf_opencv/L1/include/imgproc/xf_sobel.hpp:268:13)
INFO: [HLS 214-131] Inlining function 'void xf::cv::xfPackPixels<1, 9, 15>(PixelType<15>::name*, StreamType<9>::name&, unsigned short, short, unsigned short&)' into 'void xf::cv::ProcessSobel3x3<9, 9, 2160, 3840, 3, 15, 15, 1, 9, 9, 3840>(xf::cv::Mat<9, 2160, 3840, 1, 2>&, xf::cv::Mat<9, 2160, 3840, 1, 2>&, xf::cv::Mat<9, 2160, 3840, 1, 2>&, StreamType<9>::name (*) [(3840) >> (xfNPixelsPerCycle<1>::datashift)], PixelType<15>::name*, PixelType<15>::name*, PixelType<15>::name*, PixelType<15>::name*, PixelType<15>::name*, StreamType<9>::name&, StreamType<9>::name&, unsigned short, unsigned short, ap_uint<13>, unsigned short&, unsigned short&, ap_uint<2>, ap_uint<2>, ap_uint<2>, ap_uint<13>, int&, int&)' (/home/centos/workspace/median_kernels/libs/xf_opencv/L1/include/imgproc/xf_sobel.hpp:258:13)
INFO: [HLS 214-131] Inlining function 'void xf::cv::xfPackPixels<1, 9, 15>(PixelType<15>::name*, StreamType<9>::name&, unsigned short, short, unsigned short&)' into 'void xf::cv::ProcessSobel3x3<9, 9, 2160, 3840, 3, 15, 15, 1, 9, 9, 3840>(xf::cv::Mat<9, 2160, 3840, 1, 2>&, xf::cv::Mat<9, 2160, 3840, 1, 2>&, xf::cv::Mat<9, 2160, 3840, 1, 2>&, StreamType<9>::name (*) [(3840) >> (xfNPixelsPerCycle<1>::datashift)], PixelType<15>::name*, PixelType<15>::name*, PixelType<15>::name*, PixelType<15>::name*, PixelType<15>::name*, StreamType<9>::name&, StreamType<9>::name&, unsigned short, unsigned short, ap_uint<13>, unsigned short&, unsigned short&, ap_uint<2>, ap_uint<2>, ap_uint<2>, ap_uint<13>, int&, int&)' (/home/centos/workspace/median_kernels/libs/xf_opencv/L1/include/imgproc/xf_sobel.hpp:257:13)
INFO: [HLS 214-131] Inlining function 'void xf::cv::xfPackPixels<1, 9, 15>(PixelType<15>::name*, StreamType<9>::name&, unsigned short, short, unsigned short&)' into 'void xf::cv::ProcessSobel3x3<9, 9, 2160, 3840, 3, 15, 15, 1, 9, 9, 3840>(xf::cv::Mat<9, 2160, 3840, 1, 2>&, xf::cv::Mat<9, 2160, 3840, 1, 2>&, xf::cv::Mat<9, 2160, 3840, 1, 2>&, StreamType<9>::name (*) [(3840) >> (xfNPixelsPerCycle<1>::datashift)], PixelType<15>::name*, PixelType<15>::name*, PixelType<15>::name*, PixelType<15>::name*, PixelType<15>::name*, StreamType<9>::name&, StreamType<9>::name&, unsigned short, unsigned short, ap_uint<13>, unsigned short&, unsigned short&, ap_uint<2>, ap_uint<2>, ap_uint<2>, ap_uint<13>, int&, int&)' (/home/centos/workspace/median_kernels/libs/xf_opencv/L1/include/imgproc/xf_sobel.hpp:254:13)
INFO: [HLS 214-131] Inlining function 'void xf::cv::xfPackPixels<1, 9, 15>(PixelType<15>::name*, StreamType<9>::name&, unsigned short, short, unsigned short&)' into 'void xf::cv::ProcessSobel3x3<9, 9, 2160, 3840, 3, 15, 15, 1, 9, 9, 3840>(xf::cv::Mat<9, 2160, 3840, 1, 2>&, xf::cv::Mat<9, 2160, 3840, 1, 2>&, xf::cv::Mat<9, 2160, 3840, 1, 2>&, StreamType<9>::name (*) [(3840) >> (xfNPixelsPerCycle<1>::datashift)], PixelType<15>::name*, PixelType<15>::name*, PixelType<15>::name*, PixelType<15>::name*, PixelType<15>::name*, StreamType<9>::name&, StreamType<9>::name&, unsigned short, unsigned short, ap_uint<13>, unsigned short&, unsigned short&, ap_uint<2>, ap_uint<2>, ap_uint<2>, ap_uint<13>, int&, int&)' (/home/centos/workspace/median_kernels/libs/xf_opencv/L1/include/imgproc/xf_sobel.hpp:253:13)
