Thu Jan 27 17:41:34 2022: Running xcd server. This server was built by gradle.
Thu Jan 27 17:41:34 2022: Server was asked to start on port: '35063'
Thu Jan 27 17:41:34 2022: Server is using token UUID: '4993bdd4-1612-4940-9590-81953c51f401'
Thu Jan 27 17:41:34 2022: SESSION_MGR: creating session with session uuid: '6d04a3e9-ade5-4ab9-8d63-1f78fcd2ec76' and name 'default'
Thu Jan 27 17:41:34 2022: Attempting to start server on port '35063'
Thu Jan 27 17:41:34 2022: XCD main fifo: created main fifo '/tmp/xcdmain4993bdd4-1612-4940-9590-81953c51f401', fd read = 14
Thu Jan 27 17:41:34 2022: Running Dispatch Server
Thu Jan 27 17:41:34 2022: Version 2.2.0
Thu Jan 27 17:41:43 2022: Dispatch Server: Accepted socket connection from client
Thu Jan 27 17:41:43 2022: Starting Socket connection
Thu Jan 27 17:41:43 2022: EXCHANGE_TOKEN received, server token: 4993bdd4-1612-4940-9590-81953c51f401, passed token: 4993bdd4-1612-4940-9590-81953c51f401
Thu Jan 27 17:41:44 2022: DISPATCH_HANDLER: Adding handler from function makeHandler in library libxv_system_diagram
Thu Jan 27 17:41:44 2022: SESSION_MGR: creating session with session uuid: 'd6f769b6-4c60-4790-81d0-7d14c2c8ec0e' and name 'sobel_accel'
Thu Jan 27 17:41:44 2022: KERNEL_SVC: creating session with uuid: 'd6f769b6-4c60-4790-81d0-7d14c2c8ec0e' and name 'sobel_accel'
Thu Jan 27 17:41:44 2022: GUIDANCE_SMGR: creating guidance session with uuid: 'd6f769b6-4c60-4790-81d0-7d14c2c8ec0e' and name 'sobel_accel'
Thu Jan 27 17:41:44 2022: SYSTEM_DIAGRAM_SMGR: creating diagram session with uuid: 'd6f769b6-4c60-4790-81d0-7d14c2c8ec0e' and name 'sobel_accel'
Thu Jan 27 17:42:08 2022: SESSION_MGR: closing session for UUID 'd6f769b6-4c60-4790-81d0-7d14c2c8ec0e' with name 'sobel_accel'
Thu Jan 27 17:42:08 2022: KERNEL_SVC: closing session for UUID 'd6f769b6-4c60-4790-81d0-7d14c2c8ec0e' with name 'sobel_accel'
Thu Jan 27 17:42:08 2022: GUIDANCE_SMGR: closing session for UUID 'd6f769b6-4c60-4790-81d0-7d14c2c8ec0e' with name 'sobel_accel'
Thu Jan 27 17:42:08 2022: SYSTEM_DIAGRAM_SMGR: closing session for UUID 'd6f769b6-4c60-4790-81d0-7d14c2c8ec0e' with name 'sobel_accel'
