Thu Jan 27 17:42:13 2022: Running xcd server. This server was built by gradle.
Thu Jan 27 17:42:13 2022: Server was asked to start on port: '45484'
Thu Jan 27 17:42:13 2022: Server is using token UUID: '4dc42ff5-5b9a-44e5-a220-0dbc51ab4887'
Thu Jan 27 17:42:13 2022: SESSION_MGR: creating session with session uuid: '6d04a3e9-ade5-4ab9-8d63-1f78fcd2ec76' and name 'default'
Thu Jan 27 17:42:13 2022: Attempting to start server on port '45484'
Thu Jan 27 17:42:13 2022: XCD main fifo: created main fifo '/tmp/xcdmain4dc42ff5-5b9a-44e5-a220-0dbc51ab4887', fd read = 14
Thu Jan 27 17:42:13 2022: Running Dispatch Server
Thu Jan 27 17:42:13 2022: Version 2.2.0
Thu Jan 27 17:42:21 2022: Dispatch Server: Accepted socket connection from client
Thu Jan 27 17:42:21 2022: Starting Socket connection
Thu Jan 27 17:42:21 2022: EXCHANGE_TOKEN received, server token: 4dc42ff5-5b9a-44e5-a220-0dbc51ab4887, passed token: 4dc42ff5-5b9a-44e5-a220-0dbc51ab4887
Thu Jan 27 17:42:22 2022: DISPATCH_HANDLER: Adding handler from function makeHandler in library libxv_system_diagram
Thu Jan 27 17:42:22 2022: SESSION_MGR: creating session with session uuid: '26f9ba65-b5b9-45dc-b9ba-b7af9ad3b383' and name 'link'
Thu Jan 27 17:42:22 2022: KERNEL_SVC: creating session with uuid: '26f9ba65-b5b9-45dc-b9ba-b7af9ad3b383' and name 'link'
Thu Jan 27 17:42:22 2022: GUIDANCE_SMGR: creating guidance session with uuid: '26f9ba65-b5b9-45dc-b9ba-b7af9ad3b383' and name 'link'
Thu Jan 27 17:42:22 2022: SYSTEM_DIAGRAM_SMGR: creating diagram session with uuid: '26f9ba65-b5b9-45dc-b9ba-b7af9ad3b383' and name 'link'
Thu Jan 27 17:42:38 2022: SESSION_MGR: closing session for UUID '26f9ba65-b5b9-45dc-b9ba-b7af9ad3b383' with name 'link'
Thu Jan 27 17:42:38 2022: KERNEL_SVC: closing session for UUID '26f9ba65-b5b9-45dc-b9ba-b7af9ad3b383' with name 'link'
Thu Jan 27 17:42:38 2022: GUIDANCE_SMGR: closing session for UUID '26f9ba65-b5b9-45dc-b9ba-b7af9ad3b383' with name 'link'
Thu Jan 27 17:42:38 2022: SYSTEM_DIAGRAM_SMGR: closing session for UUID '26f9ba65-b5b9-45dc-b9ba-b7af9ad3b383' with name 'link'
